DRR2018-05-24_12:04:10.013
SVF2018-05-24_12:04:10.415
LHM2018-05-24_12:04:10.460
KRF2018-05-24_12:04:10.639
VBM2018-05-24_12:04:10.434
EOF2018-05-24_12:04:11.028
FAM2018-05-24_12:04:10.657
CSR2018-05-24_12:04:10.950
SPF2018-05-24_12:04:10.848
PGT2018-05-24_12:04:10.941
NHR2018-05-24_12:04:11.065
SVM2018-05-24_12:04:10.463
SSW2018-05-24_12:04:11.179
CLS2018-05-24_12:04:11.265
RGH2018-05-24_12:04:11.323
BHT2018-05-24_12:04:11.423
MES2018-05-24_12:04:11.494
LSW2018-05-24_12:04:11.511
KMH2018-05-24_12:04:11.524
MVR
