DRR2018-05-24_12:02:58.917
SVF2018-05-24_12:02:58.917
LHM2018-05-24_12:02:58.917
KRF2018-05-24_12:02:58.917
VBM2018-05-24_12:02:58.917
EOF2018-05-24_12:02:58.917
FAM2018-05-24_12:02:58.917
CSR2018-05-24_12:02:58.917
SPF2018-05-24_12:02:58.917
PGT2018-05-24_12:02:58.917
NHR2018-05-24_12:02:58.917
SVM2018-05-24_12:02:58.917
SSW2018-05-24_12:02:58.917
CLS2018-05-24_12:02:58.917
RGH2018-05-24_12:02:58.917
BHT2018-05-24_12:02:58.917
MES2018-05-24_12:02:58.917
LSW2018-05-24_12:02:58.917
KMH2018-05-24_12:02:58.917
MVR2018-05-24_12:02:58.917
